G:\2021\Project\.net core mvc frontend project\dotnet core mvc frontend project\wwwroot\outDir\algorithm\CAjax.js
G:\2021\Project\.net core mvc frontend project\dotnet core mvc frontend project\wwwroot\outDir\algorithm\CDate.js
G:\2021\Project\.net core mvc frontend project\dotnet core mvc frontend project\wwwroot\outDir\algorithm\CEnc.js
G:\2021\Project\.net core mvc frontend project\dotnet core mvc frontend project\wwwroot\outDir\algorithm\CH5CSS.js
G:\2021\Project\.net core mvc frontend project\dotnet core mvc frontend project\wwwroot\outDir\algorithm\CJson.js
G:\2021\Project\.net core mvc frontend project\dotnet core mvc frontend project\wwwroot\outDir\algorithm\CMath.js
G:\2021\Project\.net core mvc frontend project\dotnet core mvc frontend project\wwwroot\outDir\algorithm\CObject.js
G:\2021\Project\.net core mvc frontend project\dotnet core mvc frontend project\wwwroot\outDir\algorithm\CSystemInfo.js
G:\2021\Project\.net core mvc frontend project\dotnet core mvc frontend project\wwwroot\outDir\language\cn.js
G:\2021\Project\.net core mvc frontend project\dotnet core mvc frontend project\wwwroot\outDir\language\tw.js
G:\2021\Project\.net core mvc frontend project\dotnet core mvc frontend project\wwwroot\outDir\language\en.js
G:\2021\Project\.net core mvc frontend project\dotnet core mvc frontend project\wwwroot\outDir\language\kn.js
G:\2021\Project\.net core mvc frontend project\dotnet core mvc frontend project\wwwroot\outDir\language\vn.js
G:\2021\Project\.net core mvc frontend project\dotnet core mvc frontend project\wwwroot\outDir\language\language.js
G:\2021\Project\.net core mvc frontend project\dotnet core mvc frontend project\wwwroot\outDir\interface\IOnGMEMO.js
G:\2021\Project\.net core mvc frontend project\dotnet core mvc frontend project\wwwroot\outDir\interface\interface.js
G:\2021\Project\.net core mvc frontend project\dotnet core mvc frontend project\wwwroot\outDir\local\localStorage.js
G:\2021\Project\.net core mvc frontend project\dotnet core mvc frontend project\wwwroot\outDir\cmpnBase\ccid.js
G:\2021\Project\.net core mvc frontend project\dotnet core mvc frontend project\wwwroot\outDir\cmpnBase\ccbase.js
G:\2021\Project\.net core mvc frontend project\dotnet core mvc frontend project\wwwroot\outDir\virtualDom.js
G:\2021\Project\.net core mvc frontend project\dotnet core mvc frontend project\wwwroot\outDir\components\CPageHead\S_DEFINE.js
G:\2021\Project\.net core mvc frontend project\dotnet core mvc frontend project\wwwroot\outDir\components\CPageHead\DEFAULT.js
G:\2021\Project\.net core mvc frontend project\dotnet core mvc frontend project\wwwroot\outDir\components\CPageHead\S_METHOD.js
G:\2021\Project\.net core mvc frontend project\dotnet core mvc frontend project\wwwroot\outDir\components\CPageHead\SP_METHOD.js
G:\2021\Project\.net core mvc frontend project\dotnet core mvc frontend project\wwwroot\outDir\components\CPageHead\S_ACTION.js
G:\2021\Project\.net core mvc frontend project\dotnet core mvc frontend project\wwwroot\outDir\components\CPageHead\S_AJAX.js
G:\2021\Project\.net core mvc frontend project\dotnet core mvc frontend project\wwwroot\outDir\components\CPageHead\S_LOCALSTORAGE.js
G:\2021\Project\.net core mvc frontend project\dotnet core mvc frontend project\wwwroot\outDir\components\CPageHead\S_UIE.js
G:\2021\Project\.net core mvc frontend project\dotnet core mvc frontend project\wwwroot\outDir\components\CPageHead\cPageHead.js
G:\2021\Project\.net core mvc frontend project\dotnet core mvc frontend project\wwwroot\outDir\components\web\web.js
G:\2021\Project\.net core mvc frontend project\dotnet core mvc frontend project\wwwroot\outDir\components\login\S_DEFINE.js
G:\2021\Project\.net core mvc frontend project\dotnet core mvc frontend project\wwwroot\outDir\components\login\DEFAULT.js
G:\2021\Project\.net core mvc frontend project\dotnet core mvc frontend project\wwwroot\outDir\components\login\S_LOCALSTORAGE.js
G:\2021\Project\.net core mvc frontend project\dotnet core mvc frontend project\wwwroot\outDir\components\login\S_AJAX.js
G:\2021\Project\.net core mvc frontend project\dotnet core mvc frontend project\wwwroot\outDir\components\login\S_ACTION.js
G:\2021\Project\.net core mvc frontend project\dotnet core mvc frontend project\wwwroot\outDir\components\login\S_METHOD.js
G:\2021\Project\.net core mvc frontend project\dotnet core mvc frontend project\wwwroot\outDir\components\login\SP_METHOD.js
G:\2021\Project\.net core mvc frontend project\dotnet core mvc frontend project\wwwroot\outDir\components\login\S_UIE.js
G:\2021\Project\.net core mvc frontend project\dotnet core mvc frontend project\wwwroot\outDir\components\login\CLogin.js
G:\2021\Project\.net core mvc frontend project\dotnet core mvc frontend project\wwwroot\outDir\components\CommonModal\S_DEFINE.js
G:\2021\Project\.net core mvc frontend project\dotnet core mvc frontend project\wwwroot\outDir\components\CommonModal\DEFAULT.js
G:\2021\Project\.net core mvc frontend project\dotnet core mvc frontend project\wwwroot\outDir\components\CommonModal\S_METHOD.js
G:\2021\Project\.net core mvc frontend project\dotnet core mvc frontend project\wwwroot\outDir\components\CommonModal\SP_METHOD.js
G:\2021\Project\.net core mvc frontend project\dotnet core mvc frontend project\wwwroot\outDir\components\CommonModal\S_ACTION.js
G:\2021\Project\.net core mvc frontend project\dotnet core mvc frontend project\wwwroot\outDir\components\CommonModal\S_AJAX.js
G:\2021\Project\.net core mvc frontend project\dotnet core mvc frontend project\wwwroot\outDir\components\CommonModal\S_LOCALSTORAGE.js
G:\2021\Project\.net core mvc frontend project\dotnet core mvc frontend project\wwwroot\outDir\components\CommonModal\S_UIE.js
G:\2021\Project\.net core mvc frontend project\dotnet core mvc frontend project\wwwroot\outDir\components\CommonModal\cCommonModal.js
G:\2021\Project\.net core mvc frontend project\dotnet core mvc frontend project\wwwroot\outDir\export.js
G:\2021\Project\.net core mvc frontend project\dotnet core mvc frontend project\wwwroot\outDir\main.js
G:\2021\Project\.net core mvc frontend project\dotnet core mvc frontend project\wwwroot\outDir\algorithm\CAxios.js
G:\2021\Project\.net core mvc frontend project\dotnet core mvc frontend project\wwwroot\outDir\algorithm\CString.js
G:\2021\Project\.net core mvc frontend project\dotnet core mvc frontend project\wwwroot\outDir\cmpnBase\_cmpnMODEL.js
G:\2021\Project\.net core mvc frontend project\dotnet core mvc frontend project\wwwroot\outDir\cmpnBase\Model\S_DEFINE.js
G:\2021\Project\.net core mvc frontend project\dotnet core mvc frontend project\wwwroot\outDir\cmpnBase\Model\DEFAULT.js
G:\2021\Project\.net core mvc frontend project\dotnet core mvc frontend project\wwwroot\outDir\cmpnBase\Model\SP_METHOD.js
G:\2021\Project\.net core mvc frontend project\dotnet core mvc frontend project\wwwroot\outDir\cmpnBase\Model\S_ACTION.js
G:\2021\Project\.net core mvc frontend project\dotnet core mvc frontend project\wwwroot\outDir\cmpnBase\Model\S_AJAX.js
G:\2021\Project\.net core mvc frontend project\dotnet core mvc frontend project\wwwroot\outDir\cmpnBase\Model\S_LOCALSTORAGE.js
G:\2021\Project\.net core mvc frontend project\dotnet core mvc frontend project\wwwroot\outDir\cmpnBase\Model\S_METHOD.js
G:\2021\Project\.net core mvc frontend project\dotnet core mvc frontend project\wwwroot\outDir\cmpnBase\Model\S_UIE.js
G:\2021\Project\.net core mvc frontend project\dotnet core mvc frontend project\wwwroot\outDir\cmpnBase\Model\VIEW.js
G:\2021\Project\.net core mvc frontend project\dotnet core mvc frontend project\wwwroot\outDir\cmpnBase\Model\cComponent.js
G:\2021\Project\.net core mvc frontend project\dotnet core mvc frontend project\wwwroot\outDir\components\CPageHead\VIEW.js
G:\2021\Project\.net core mvc frontend project\dotnet core mvc frontend project\wwwroot\outDir\components\CommonModal\VIEW.js
G:\2021\Project\.net core mvc frontend project\dotnet core mvc frontend project\wwwroot\outDir\components\login\VIEW.js
